<?xml version="1.0" encoding="UTF-8"?>
<!-- Generated by org.testng.reporters.JUnitXMLReporter -->
<testsuite hostname="DESKTOP-23AEDGJ" ignored="0" name="Default test" tests="3" failures="0" timestamp="27 Jan 2020 12:55:45 GMT" time="48.669" errors="0">
  <testcase name="amazonPrice" time="11.3" classname="com.qa.assignment1.tests.CompareAmazon_Flipkart"/>
  <testcase name="flipkartPrice" time="7.058" classname="com.qa.assignment1.tests.CompareAmazon_Flipkart"/>
  <testcase name="comparePrice" time="0.001" classname="com.qa.assignment1.tests.CompareAmazon_Flipkart"/>
</testsuite> <!-- Default test -->
